<?xml version="1.0" encoding="UTF-8"?>
<!-- Generated by org.testng.reporters.JUnitReportReporter -->
<testsuite skipped="0" hostname="iRESLab48" name="Login.loginFunctionality" tests="1" failures="0" timestamp="26 Feb 2019 07:16:50 GMT" time="12.797" errors="0">
  <testcase name="Login_Scenarioo" time="12.797" classname="Login.loginFunctionality"/>
</testsuite> <!-- Login.loginFunctionality -->
