<?xml version="1.0" encoding="UTF-8"?>
<!-- Generated by org.testng.reporters.JUnitReportReporter -->
<testsuite skipped="0" hostname="iRESLab48" name="Login.loginFunctionality" tests="1" failures="0" timestamp="25 Feb 2019 12:05:10 GMT" time="20.487" errors="0">
  <testcase name="Login_Scenarioo" time="20.487" classname="Login.loginFunctionality"/>
</testsuite> <!-- Login.loginFunctionality -->
