<?xml version="1.0" encoding="UTF-8"?>
<!-- Generated by org.testng.reporters.JUnitReportReporter -->
<testsuite skipped="0" hostname="iRESLab48" name="Login.loginFunctionality" tests="2" failures="0" timestamp="26 Feb 2019 10:45:34 GMT" time="18.350" errors="0">
  <testcase name="Login_Scenarioo" time="14.554" classname="Login.loginFunctionality"/>
  <testcase name="leave" time="3.796" classname="Login.loginFunctionality"/>
</testsuite> <!-- Login.loginFunctionality -->
